Line 46: Class lvButton.lvButtons_H of control cmdShowRegistration was not a loaded control class.
Line 249: Class lvButton.lvButtons_H of control cmdNonTaxAllow was not a loaded control class.
Line 864: Class lvButton.lvButtons_H of control lvButtons_H10 was not a loaded control class.
Line 892: Class lvButton.lvButtons_H of control lvButtons_H11 was not a loaded control class.
Line 1605: Class lvButton.lvButtons_H of control cmdWT was not a loaded control class.
Line 1830: Class lvButton.lvButtons_H of control lvButtons_H13 was not a loaded control class.
Line 1858: Class lvButton.lvButtons_H of control lvButtons_H13 was not a loaded control class.
Line 1886: Class lvButton.lvButtons_H of control lvButtons_H13 was not a loaded control class.
Line 1914: Class lvButton.lvButtons_H of control lvButtons_H13 was not a loaded control class.
Line 1942: Class lvButton.lvButtons_H of control cmdAddBankAccount was not a loaded control class.
Line 3138: Class lvButton.lvButtons_H of control cmdBank was not a loaded control class.
Line 4279: Class lvButton.lvButtons_H of control cmdEducationalBackground was not a loaded control class.
Line 4364: Class lvButton.lvButtons_H of control cmdUploadPhoto was not a loaded control class.
Line 4400: Class lvButton.lvButtons_H of control cmdUploadSignature was not a loaded control class.
Line 5359: Class lvButton.lvButtons_H of control cmdBranch was not a loaded control class.
Line 5390: Class lvButton.lvButtons_H of control cmdDivision was not a loaded control class.
Line 5421: Class lvButton.lvButtons_H of control cmdCostCenter was not a loaded control class.
Line 5452: Class lvButton.lvButtons_H of control cmdSection was not a loaded control class.
Line 6060: Class lvButton.lvButtons_H of control cmdJobTitle was not a loaded control class.
Line 6656: Class lvButton.lvButtons_H of control cmdMenu was not a loaded control class.
Line 6690: Class lvButton.lvButtons_H of control cmdMenu was not a loaded control class.
Line 6723: Class lvButton.lvButtons_H of control cmdMenu was not a loaded control class.
Line 6757: Class lvButton.lvButtons_H of control cmdMenu was not a loaded control class.
